{"uuid":"568ed475-6260-451c-909d-2562cde4f324","name":"org.selenium.base.BaseTest.quitDriver","children":["1cbdd31c-53e0-4e44-bf64-6b4e4425add4"],"description":"","befores":[],"afters":[{"name":"quitDriver","status":"broken","statusDetails":{"known":false,"muted":false,"flaky":false,"message":"java.io.IOException: Output closed\nBuild info: version: '4.19.1', revision: 'abe0ee07dc'\nSystem info: os.name: 'Windows 10', os.arch: 'amd64', os.version: '10.0', java.version: '17.0.7'\nDriver info: driver.version: ChromiumDriver","trace":"org.openqa.selenium.WebDriverException: java.io.IOException: Output closed\nBuild info: version: '4.19.1', revision: 'abe0ee07dc'\nSystem info: os.name: 'Windows 10', os.arch: 'amd64', os.version: '10.0', java.version: '17.0.7'\nDriver info: driver.version: ChromiumDriver\r\n\tat org.openqa.selenium.remote.http.jdk.JdkHttpClient$4.send(JdkHttpClient.java:298)\r\n\tat org.openqa.selenium.remote.http.jdk.JdkHttpClient$4.close(JdkHttpClient.java:317)\r\n\tat org.openqa.selenium.devtools.Connection.close(Connection.java:224)\r\n\tat org.openqa.selenium.devtools.DevTools.close(DevTools.java:60)\r\n\tat java.base/java.util.Optional.ifPresent(Optional.java:178)\r\n\tat org.openqa.selenium.remote.RemoteWebDriver.quit(RemoteWebDriver.java:426)\r\n\tat org.openqa.selenium.chromium.ChromiumDriver.quit(ChromiumDriver.java:432)\r\n\tat org.selenium.base.BaseTest.quitDriver(BaseTest.java:65)\r\n\tat java.base/jdk.internal.reflect.NativeMethodAccessorImpl.invoke0(Native Method)\r\n\tat java.base/jdk.internal.reflect.NativeMethodAccessorImpl.invoke(NativeMethodAccessorImpl.java:77)\r\n\tat java.base/jdk.internal.reflect.DelegatingMethodAccessorImpl.invoke(DelegatingMethodAccessorImpl.java:43)\r\n\tat java.base/java.lang.reflect.Method.invoke(Method.java:568)\r\n\tat org.testng.internal.MethodInvocationHelper.invokeMethod(MethodInvocationHelper.java:132)\r\n\tat org.testng.internal.MethodInvocationHelper.invokeMethodConsideringTimeout(MethodInvocationHelper.java:61)\r\n\tat org.testng.internal.ConfigInvoker.invokeConfigurationMethod(ConfigInvoker.java:366)\r\n\tat org.testng.internal.ConfigInvoker.invokeConfigurations(ConfigInvoker.java:320)\r\n\tat org.testng.internal.TestInvoker.runConfigMethods(TestInvoker.java:701)\r\n\tat org.testng.internal.TestInvoker.runAfterGroupsConfigurations(TestInvoker.java:677)\r\n\tat org.testng.internal.TestInvoker.invokeMethod(TestInvoker.java:661)\r\n\tat org.testng.internal.TestInvoker.invokeTestMethod(TestInvoker.java:174)\r\n\tat org.testng.internal.MethodRunner.runInSequence(MethodRunner.java:46)\r\n\tat org.testng.internal.TestInvoker$MethodInvocationAgent.invoke(TestInvoker.java:822)\r\n\tat org.testng.internal.TestInvoker.invokeTestMethods(TestInvoker.java:147)\r\n\tat org.testng.internal.TestMethodWorker.invokeTestMethods(TestMethodWorker.java:146)\r\n\tat org.testng.internal.TestMethodWorker.run(TestMethodWorker.java:128)\r\n\tat java.base/java.util.ArrayList.forEach(ArrayList.java:1511)\r\n\tat org.testng.TestRunner.privateRun(TestRunner.java:764)\r\n\tat org.testng.TestRunner.run(TestRunner.java:585)\r\n\tat org.testng.SuiteRunner.runTest(SuiteRunner.java:384)\r\n\tat org.testng.SuiteRunner.runSequentially(SuiteRunner.java:378)\r\n\tat org.testng.SuiteRunner.privateRun(SuiteRunner.java:337)\r\n\tat org.testng.SuiteRunner.run(SuiteRunner.java:286)\r\n\tat org.testng.SuiteRunnerWorker.runSuite(SuiteRunnerWorker.java:53)\r\n\tat org.testng.SuiteRunnerWorker.run(SuiteRunnerWorker.java:96)\r\n\tat org.testng.TestNG.runSuitesSequentially(TestNG.java:1218)\r\n\tat org.testng.TestNG.runSuitesLocally(TestNG.java:1140)\r\n\tat org.testng.TestNG.runSuites(TestNG.java:1069)\r\n\tat org.testng.TestNG.run(TestNG.java:1037)\r\n\tat org.testng.remote.AbstractRemoteTestNG.run(AbstractRemoteTestNG.java:115)\r\n\tat org.testng.remote.RemoteTestNG.initAndRun(RemoteTestNG.java:251)\r\n\tat org.testng.remote.RemoteTestNG.main(RemoteTestNG.java:77)\r\nCaused by: java.io.IOException: Output closed\r\n\tat java.net.http/jdk.internal.net.http.websocket.WebSocketImpl.sendClose(WebSocketImpl.java:313)\r\n\tat org.openqa.selenium.remote.http.jdk.JdkHttpClient$4.lambda$send$2(JdkHttpClient.java:277)\r\n\tat org.openqa.selenium.remote.http.jdk.JdkHttpClient$4.send(JdkHttpClient.java:288)\r\n\t... 40 more\r\n"},"stage":"finished","description":"","steps":[],"attachments":[],"parameters":[],"start":1713554470731,"stop":1713554471266}],"links":[],"start":1713554470696,"stop":1713554471266}