<!DOCTYPE html>

<html>
  <head>
  <meta charset='utf-8'>
  <title>TestNG reports</title>

    <link type="text/css" href="testng-reports1.css" rel="stylesheet" id="ultra" />
    <link type="text/css" href="testng-reports.css" rel="stylesheet" id="retro" disabled="false"/>
    <script type="text/javascript" src="jquery-3.4.1.min.js"></script>
    <script type="text/javascript" src="testng-reports.js"></script>
    <script type="text/javascript" src="https://www.google.com/jsapi"></script>
    <script type='text/javascript'>
      google.load('visualization', '1', {packages:['table']});
      google.setOnLoadCallback(drawTable);
      var suiteTableInitFunctions = new Array();
      var suiteTableData = new Array();
    </script>
    <!--
      <script type="text/javascript" src="jquery-ui/js/jquery-ui-1.8.16.custom.min.js"></script>
     -->
  </head>

  <body>
    <div class="top-banner-root">
      <span class="top-banner-title-font">Test results</span>
      <button id="button" class="button">Switch Retro Theme</button> <!-- button -->
      <br/>
      <span class="top-banner-font-1">1 suite, 2 failed tests</span>
    </div> <!-- top-banner-root -->
    <div class="navigator-root">
      <div class="navigator-suite-header">
        <span>All suites</span>
        <a href="#" title="Collapse/expand all the suites" class="collapse-all-link">
          <img src="collapseall.gif" class="collapse-all-icon">
          </img> <!-- collapse-all-icon -->
        </a> <!-- collapse-all-link -->
      </div> <!-- navigator-suite-header -->
      <div class="suite">
        <div class="rounded-window">
          <div class="suite-header light-rounded-window-top">
            <a href="#" panel-name="suite-Automation_Test_Suite" class="navigator-link">
              <span class="suite-name border-failed">Automation Test Suite</span>
            </a> <!-- navigator-link -->
          </div> <!-- suite-header light-rounded-window-top -->
          <div class="navigator-suite-content">
            <div class="suite-section-title">
              <span>Info</span>
            </div> <!-- suite-section-title -->
            <div class="suite-section-content">
              <ul>
                <li>
                  <a href="#" panel-name="test-xml-Automation_Test_Suite" class="navigator-link ">
                    <span>C:\Users\SHREE\eclipse-workspace\BooksCarts\src\test\resources\runners\Local_CrossBrowser.xml</span>
                  </a> <!-- navigator-link  -->
                </li>
                <li>
                  <a href="#" panel-name="testlist-Automation_Test_Suite" class="navigator-link ">
                    <span class="test-stats">2 tests</span>
                  </a> <!-- navigator-link  -->
                </li>
                <li>
                  <a href="#" panel-name="group-Automation_Test_Suite" class="navigator-link ">
                    <span>0 groups</span>
                  </a> <!-- navigator-link  -->
                </li>
                <li>
                  <a href="#" panel-name="times-Automation_Test_Suite" class="navigator-link ">
                    <span>Times</span>
                  </a> <!-- navigator-link  -->
                </li>
                <li>
                  <a href="#" panel-name="reporter-Automation_Test_Suite" class="navigator-link ">
                    <span>Reporter output</span>
                  </a> <!-- navigator-link  -->
                </li>
                <li>
                  <a href="#" panel-name="ignored-methods-Automation_Test_Suite" class="navigator-link ">
                    <span>Ignored methods</span>
                  </a> <!-- navigator-link  -->
                </li>
                <li>
                  <a href="#" panel-name="chronological-Automation_Test_Suite" class="navigator-link ">
                    <span>Chronological view</span>
                  </a> <!-- navigator-link  -->
                </li>
              </ul>
            </div> <!-- suite-section-content -->
            <div class="result-section">
              <div class="suite-section-title">
                <span>Results</span>
              </div> <!-- suite-section-title -->
              <div class="suite-section-content">
                <ul>
                  <li>
                    <span class="method-stats">12 methods, 2 failed,  2 skipped,  8 passed</span>
                  </li>
                  <li>
                    <span class="method-list-title failed">Failed methods</span>
                    <span class="show-or-hide-methods failed">
                      <a href="#" panel-name="suite-Automation_Test_Suite" class="hide-methods failed suite-Automation_Test_Suite"> (hide)</a> <!-- hide-methods failed suite-Automation_Test_Suite -->
                      <a href="#" panel-name="suite-Automation_Test_Suite" class="show-methods failed suite-Automation_Test_Suite"> (show)</a> <!-- show-methods failed suite-Automation_Test_Suite -->
                    </span>
                    <div class="method-list-content failed suite-Automation_Test_Suite">
                      <span>
                        <img src="failed.png" width="3%"/>
                        <a href="#" panel-name="suite-Automation_Test_Suite" title="org.selenium.tests.BookCartTests" class="method navigator-link" hash-for-method="verifyProduct">verifyProduct</a> <!-- method navigator-link -->
                      </span>
                      <br/>
                      <span>
                        <img src="failed.png" width="3%"/>
                        <a href="#" panel-name="suite-Automation_Test_Suite" title="org.selenium.tests.BookCartTests" class="method navigator-link" hash-for-method="verifyProduct">verifyProduct</a> <!-- method navigator-link -->
                      </span>
                      <br/>
                    </div> <!-- method-list-content failed suite-Automation_Test_Suite -->
                  </li>
                  <li>
                    <span class="method-list-title skipped">Retried methods</span>
                    <span class="show-or-hide-methods skipped">
                      <a href="#" panel-name="suite-Automation_Test_Suite" class="hide-methods skipped suite-Automation_Test_Suite"> (hide)</a> <!-- hide-methods skipped suite-Automation_Test_Suite -->
                      <a href="#" panel-name="suite-Automation_Test_Suite" class="show-methods skipped suite-Automation_Test_Suite"> (show)</a> <!-- show-methods skipped suite-Automation_Test_Suite -->
                    </span>
                    <div class="method-list-content skipped suite-Automation_Test_Suite">
                      <span>
                        <img src="skipped.png" width="3%"/>
                        <a href="#" panel-name="suite-Automation_Test_Suite" title="org.selenium.tests.BookCartTests" class="method navigator-link" hash-for-method="verifyProduct">verifyProduct</a> <!-- method navigator-link -->
                      </span>
                      <br/>
                      <span>
                        <img src="skipped.png" width="3%"/>
                        <a href="#" panel-name="suite-Automation_Test_Suite" title="org.selenium.tests.BookCartTests" class="method navigator-link" hash-for-method="verifyProduct">verifyProduct</a> <!-- method navigator-link -->
                      </span>
                      <br/>
                    </div> <!-- method-list-content skipped suite-Automation_Test_Suite -->
                  </li>
                  <li>
                    <span class="method-list-title passed">Passed methods</span>
                    <span class="show-or-hide-methods passed">
                      <a href="#" panel-name="suite-Automation_Test_Suite" class="hide-methods passed suite-Automation_Test_Suite"> (hide)</a> <!-- hide-methods passed suite-Automation_Test_Suite -->
                      <a href="#" panel-name="suite-Automation_Test_Suite" class="show-methods passed suite-Automation_Test_Suite"> (show)</a> <!-- show-methods passed suite-Automation_Test_Suite -->
                    </span>
                    <div class="method-list-content passed suite-Automation_Test_Suite">
                      <span>
                        <img src="passed.png" width="3%"/>
                        <a href="#" panel-name="suite-Automation_Test_Suite" title="org.selenium.tests.BookCartTests" class="method navigator-link" hash-for-method="searchAndAddTocart(JKR, Harry Potter and the Chamber of Secrets)">searchAndAddTocart(JKR, Harry Potter and the Chamber of Secrets)</a> <!-- method navigator-link -->
                      </span>
                      <br/>
                      <span>
                        <img src="passed.png" width="3%"/>
                        <a href="#" panel-name="suite-Automation_Test_Suite" title="org.selenium.tests.BookCartTests" class="method navigator-link" hash-for-method="searchAndAddTocart(JKR, Harry Potter and the Prisoner of Azkaban)">searchAndAddTocart(JKR, Harry Potter and the Prisoner of Azkaban)</a> <!-- method navigator-link -->
                      </span>
                      <br/>
                      <span>
                        <img src="passed.png" width="3%"/>
                        <a href="#" panel-name="suite-Automation_Test_Suite" title="org.selenium.tests.BookCartTests" class="method navigator-link" hash-for-method="searchAndAddTocart(JKR, Harry Potter and the Order of the Phoenix)">searchAndAddTocart(JKR, Harry Potter and the Order of the Phoenix)</a> <!-- method navigator-link -->
                      </span>
                      <br/>
                      <span>
                        <img src="passed.png" width="3%"/>
                        <a href="#" panel-name="suite-Automation_Test_Suite" title="org.selenium.tests.BookCartTests" class="method navigator-link" hash-for-method="searchAndAddTocart(JKR, Harry Potter and the Goblet of Fire)">searchAndAddTocart(JKR, Harry Potter and the Goblet of Fire)</a> <!-- method navigator-link -->
                      </span>
                      <br/>
                      <span>
                        <img src="passed.png" width="3%"/>
                        <a href="#" panel-name="suite-Automation_Test_Suite" title="org.selenium.tests.BookCartTests" class="method navigator-link" hash-for-method="searchAndAddTocart(JKR, Harry Potter and the Chamber of Secrets)">searchAndAddTocart(JKR, Harry Potter and the Chamber of Secrets)</a> <!-- method navigator-link -->
                      </span>
                      <br/>
                      <span>
                        <img src="passed.png" width="3%"/>
                        <a href="#" panel-name="suite-Automation_Test_Suite" title="org.selenium.tests.BookCartTests" class="method navigator-link" hash-for-method="searchAndAddTocart(JKR, Harry Potter and the Order of the Phoenix)">searchAndAddTocart(JKR, Harry Potter and the Order of the Phoenix)</a> <!-- method navigator-link -->
                      </span>
                      <br/>
                      <span>
                        <img src="passed.png" width="3%"/>
                        <a href="#" panel-name="suite-Automation_Test_Suite" title="org.selenium.tests.BookCartTests" class="method navigator-link" hash-for-method="searchAndAddTocart(JKR, Harry Potter and the Prisoner of Azkaban)">searchAndAddTocart(JKR, Harry Potter and the Prisoner of Azkaban)</a> <!-- method navigator-link -->
                      </span>
                      <br/>
                      <span>
                        <img src="passed.png" width="3%"/>
                        <a href="#" panel-name="suite-Automation_Test_Suite" title="org.selenium.tests.BookCartTests" class="method navigator-link" hash-for-method="searchAndAddTocart(JKR, Harry Potter and the Goblet of Fire)">searchAndAddTocart(JKR, Harry Potter and the Goblet of Fire)</a> <!-- method navigator-link -->
                      </span>
                      <br/>
                    </div> <!-- method-list-content passed suite-Automation_Test_Suite -->
                  </li>
                </ul>
              </div> <!-- suite-section-content -->
            </div> <!-- result-section -->
          </div> <!-- navigator-suite-content -->
        </div> <!-- rounded-window -->
      </div> <!-- suite -->
    </div> <!-- navigator-root -->
    <div class="wrapper">
      <div class="main-panel-root">
        <div panel-name="suite-Automation_Test_Suite" class="panel Automation_Test_Suite">
          <div class="suite-Automation_Test_Suite-class-failed">
            <div class="main-panel-header rounded-window-top">
              <img src="failed.png"/>
              <span class="class-name">org.selenium.tests.BookCartTests</span>
            </div> <!-- main-panel-header rounded-window-top -->
            <div class="main-panel-content rounded-window-bottom">
              <div class="method">
                <div class="method-content">
                  <a name="verifyProduct">
                  </a> <!-- verifyProduct -->
                  <span class="method-name">verifyProduct</span>
                  <div class="stack-trace">org.openqa.selenium.TimeoutException: Expected condition failed: waiting for visibility of element located by By.xpath: //strong[contains(text(),&apos;₹1,201.00&apos;)] (tried for 10 second(s) with 500 milliseconds interval)
Build info: version: &apos;4.19.1&apos;, revision: &apos;abe0ee07dc&apos;
System info: os.name: &apos;Windows 10&apos;, os.arch: &apos;amd64&apos;, os.version: &apos;10.0&apos;, java.version: &apos;17.0.7&apos;
Driver info: org.openqa.selenium.chrome.ChromeDriver
Capabilities {acceptInsecureCerts: false, browserName: chrome, browserVersion: 123.0.6312.124, chrome: {chromedriverVersion: 123.0.6312.122 (31f8248cdd9..., userDataDir: C:\Users\SHREE\AppData\Loca...}, fedcm:accounts: true, goog:chromeOptions: {debuggerAddress: localhost:62018}, networkConnectionEnabled: false, pageLoadStrategy: normal, platformName: windows, proxy: Proxy(), se:cdp: ws://localhost:62018/devtoo..., se:cdpVersion: 123.0.6312.124, setWindowRect: true, strictFileInteractability: false, timeouts: {implicit: 0, pageLoad: 300000, script: 30000}, unhandledPromptBehavior: dismiss and notify, webauthn:extension:credBlob: true, webauthn:extension:largeBlob: true, webauthn:extension:minPinLength: true, webauthn:extension:prf: true, webauthn:virtualAuthenticators: true}
Session ID: f9f08b0760a328d5ffecf8f314dc65b2
	at org.openqa.selenium.support.ui.WebDriverWait.timeoutException(WebDriverWait.java:84)
	at org.openqa.selenium.support.ui.FluentWait.until(FluentWait.java:228)
	at org.selenium.factories.ExplicitWaitFactory.performExplicitWait(ExplicitWaitFactory.java:27)
	at org.selenium.pages.BasePage.getText(BasePage.java:117)
	at org.selenium.pages.CartPage.getInitialTotalPrice(CartPage.java:54)
	at org.selenium.tests.BookCartTests.verifyProduct(BookCartTests.java:51)
	at java.base/java.util.concurrent.ThreadPoolExecutor.runWorker(ThreadPoolExecutor.java:1136)
	at java.base/java.util.concurrent.ThreadPoolExecutor$Worker.run(ThreadPoolExecutor.java:635)
	at java.base/java.lang.Thread.run(Thread.java:833)
... Removed 12 stack frames
</div> <!-- stack-trace -->
                </div> <!-- method-content -->
              </div> <!-- method -->
              <div class="method">
                <div class="method-content">
                  <a name="verifyProduct">
                  </a> <!-- verifyProduct -->
                  <span class="method-name">verifyProduct</span>
                  <div class="stack-trace">org.openqa.selenium.TimeoutException: Expected condition failed: waiting for visibility of element located by By.xpath: //strong[contains(text(),&apos;₹1,201.00&apos;)] (tried for 10 second(s) with 500 milliseconds interval)
Build info: version: &apos;4.19.1&apos;, revision: &apos;abe0ee07dc&apos;
System info: os.name: &apos;Windows 10&apos;, os.arch: &apos;amd64&apos;, os.version: &apos;10.0&apos;, java.version: &apos;17.0.7&apos;
Driver info: org.openqa.selenium.edge.EdgeDriver
Capabilities {acceptInsecureCerts: false, browserName: MicrosoftEdge, browserVersion: 124.0.2478.51, fedcm:accounts: true, ms:edgeOptions: {debuggerAddress: localhost:62048}, msedge: {msedgedriverVersion: 124.0.2478.51 (e23a9b7d0a14..., userDataDir: C:\Users\SHREE\AppData\Loca...}, networkConnectionEnabled: false, pageLoadStrategy: normal, platformName: windows, proxy: Proxy(), se:cdp: ws://localhost:62048/devtoo..., se:cdpVersion: 124.0.2478.51, setWindowRect: true, strictFileInteractability: false, timeouts: {implicit: 0, pageLoad: 300000, script: 30000}, unhandledPromptBehavior: dismiss and notify, webauthn:extension:credBlob: true, webauthn:extension:largeBlob: true, webauthn:extension:minPinLength: true, webauthn:extension:prf: true, webauthn:virtualAuthenticators: true}
Session ID: e51db36bf166e3e05cea22aad20234ab
	at org.openqa.selenium.support.ui.WebDriverWait.timeoutException(WebDriverWait.java:84)
	at org.openqa.selenium.support.ui.FluentWait.until(FluentWait.java:228)
	at org.selenium.factories.ExplicitWaitFactory.performExplicitWait(ExplicitWaitFactory.java:27)
	at org.selenium.pages.BasePage.getText(BasePage.java:117)
	at org.selenium.pages.CartPage.getInitialTotalPrice(CartPage.java:54)
	at org.selenium.tests.BookCartTests.verifyProduct(BookCartTests.java:51)
	at java.base/java.util.concurrent.ThreadPoolExecutor.runWorker(ThreadPoolExecutor.java:1136)
	at java.base/java.util.concurrent.ThreadPoolExecutor$Worker.run(ThreadPoolExecutor.java:635)
	at java.base/java.lang.Thread.run(Thread.java:833)
... Removed 12 stack frames
</div> <!-- stack-trace -->
                </div> <!-- method-content -->
              </div> <!-- method -->
            </div> <!-- main-panel-content rounded-window-bottom -->
          </div> <!-- suite-Automation_Test_Suite-class-failed -->
          <div class="suite-Automation_Test_Suite-class-skipped">
            <div class="main-panel-header rounded-window-top">
              <img src="skipped.png"/>
              <span class="class-name">org.selenium.tests.BookCartTests</span>
            </div> <!-- main-panel-header rounded-window-top -->
            <div class="main-panel-content rounded-window-bottom">
              <div class="method">
                <div class="method-content">
                  <a name="verifyProduct">
                  </a> <!-- verifyProduct -->
                  <span class="method-name">verifyProduct</span>
                  <div class="stack-trace">org.openqa.selenium.TimeoutException: Expected condition failed: waiting for visibility of element located by By.xpath: //strong[contains(text(),&apos;₹1,201.00&apos;)] (tried for 10 second(s) with 500 milliseconds interval)
Build info: version: &apos;4.19.1&apos;, revision: &apos;abe0ee07dc&apos;
System info: os.name: &apos;Windows 10&apos;, os.arch: &apos;amd64&apos;, os.version: &apos;10.0&apos;, java.version: &apos;17.0.7&apos;
Driver info: org.openqa.selenium.chrome.ChromeDriver
Capabilities {acceptInsecureCerts: false, browserName: chrome, browserVersion: 123.0.6312.124, chrome: {chromedriverVersion: 123.0.6312.122 (31f8248cdd9..., userDataDir: C:\Users\SHREE\AppData\Loca...}, fedcm:accounts: true, goog:chromeOptions: {debuggerAddress: localhost:61931}, networkConnectionEnabled: false, pageLoadStrategy: normal, platformName: windows, proxy: Proxy(), se:cdp: ws://localhost:61931/devtoo..., se:cdpVersion: 123.0.6312.124, setWindowRect: true, strictFileInteractability: false, timeouts: {implicit: 0, pageLoad: 300000, script: 30000}, unhandledPromptBehavior: dismiss and notify, webauthn:extension:credBlob: true, webauthn:extension:largeBlob: true, webauthn:extension:minPinLength: true, webauthn:extension:prf: true, webauthn:virtualAuthenticators: true}
Session ID: a970bbf272c6477304f840580407752b
	at org.openqa.selenium.support.ui.WebDriverWait.timeoutException(WebDriverWait.java:84)
	at org.openqa.selenium.support.ui.FluentWait.until(FluentWait.java:228)
	at org.selenium.factories.ExplicitWaitFactory.performExplicitWait(ExplicitWaitFactory.java:27)
	at org.selenium.pages.BasePage.getText(BasePage.java:117)
	at org.selenium.pages.CartPage.getInitialTotalPrice(CartPage.java:54)
	at org.selenium.tests.BookCartTests.verifyProduct(BookCartTests.java:51)
	at java.base/java.util.concurrent.ThreadPoolExecutor.runWorker(ThreadPoolExecutor.java:1136)
	at java.base/java.util.concurrent.ThreadPoolExecutor$Worker.run(ThreadPoolExecutor.java:635)
	at java.base/java.lang.Thread.run(Thread.java:833)
... Removed 12 stack frames
</div> <!-- stack-trace -->
                </div> <!-- method-content -->
              </div> <!-- method -->
              <div class="method">
                <div class="method-content">
                  <a name="verifyProduct">
                  </a> <!-- verifyProduct -->
                  <span class="method-name">verifyProduct</span>
                  <div class="stack-trace">org.openqa.selenium.TimeoutException: Expected condition failed: waiting for visibility of element located by By.xpath: //strong[contains(text(),&apos;₹1,201.00&apos;)] (tried for 10 second(s) with 500 milliseconds interval)
Build info: version: &apos;4.19.1&apos;, revision: &apos;abe0ee07dc&apos;
System info: os.name: &apos;Windows 10&apos;, os.arch: &apos;amd64&apos;, os.version: &apos;10.0&apos;, java.version: &apos;17.0.7&apos;
Driver info: org.openqa.selenium.edge.EdgeDriver
Capabilities {acceptInsecureCerts: false, browserName: MicrosoftEdge, browserVersion: 124.0.2478.51, fedcm:accounts: true, ms:edgeOptions: {debuggerAddress: localhost:61956}, msedge: {msedgedriverVersion: 124.0.2478.51 (e23a9b7d0a14..., userDataDir: C:\Users\SHREE\AppData\Loca...}, networkConnectionEnabled: false, pageLoadStrategy: normal, platformName: windows, proxy: Proxy(), se:cdp: ws://localhost:61956/devtoo..., se:cdpVersion: 124.0.2478.51, setWindowRect: true, strictFileInteractability: false, timeouts: {implicit: 0, pageLoad: 300000, script: 30000}, unhandledPromptBehavior: dismiss and notify, webauthn:extension:credBlob: true, webauthn:extension:largeBlob: true, webauthn:extension:minPinLength: true, webauthn:extension:prf: true, webauthn:virtualAuthenticators: true}
Session ID: d783707acbc49c8247b555589895de7f
	at org.openqa.selenium.support.ui.WebDriverWait.timeoutException(WebDriverWait.java:84)
	at org.openqa.selenium.support.ui.FluentWait.until(FluentWait.java:228)
	at org.selenium.factories.ExplicitWaitFactory.performExplicitWait(ExplicitWaitFactory.java:27)
	at org.selenium.pages.BasePage.getText(BasePage.java:117)
	at org.selenium.pages.CartPage.getInitialTotalPrice(CartPage.java:54)
	at org.selenium.tests.BookCartTests.verifyProduct(BookCartTests.java:51)
	at java.base/java.util.concurrent.ThreadPoolExecutor.runWorker(ThreadPoolExecutor.java:1136)
	at java.base/java.util.concurrent.ThreadPoolExecutor$Worker.run(ThreadPoolExecutor.java:635)
	at java.base/java.lang.Thread.run(Thread.java:833)
... Removed 12 stack frames
</div> <!-- stack-trace -->
                </div> <!-- method-content -->
              </div> <!-- method -->
            </div> <!-- main-panel-content rounded-window-bottom -->
          </div> <!-- suite-Automation_Test_Suite-class-skipped -->
          <div class="suite-Automation_Test_Suite-class-passed">
            <div class="main-panel-header rounded-window-top">
              <img src="passed.png"/>
              <span class="class-name">org.selenium.tests.BookCartTests</span>
            </div> <!-- main-panel-header rounded-window-top -->
            <div class="main-panel-content rounded-window-bottom">
              <div class="method">
                <div class="method-content">
                  <a name="searchAndAddTocart(JKR, Harry Potter and the Chamber of Secrets)">
                  </a> <!-- searchAndAddTocart(JKR, Harry Potter and the Chamber of Secrets) -->
                  <span class="method-name">searchAndAddTocart</span>
                  <span class="parameters">(JKR, Harry Potter and the Chamber of Secrets)</span>
                </div> <!-- method-content -->
              </div> <!-- method -->
              <div class="method">
                <div class="method-content">
                  <a name="searchAndAddTocart(JKR, Harry Potter and the Prisoner of Azkaban)">
                  </a> <!-- searchAndAddTocart(JKR, Harry Potter and the Prisoner of Azkaban) -->
                  <span class="method-name">searchAndAddTocart</span>
                  <span class="parameters">(JKR, Harry Potter and the Prisoner of Azkaban)</span>
                </div> <!-- method-content -->
              </div> <!-- method -->
              <div class="method">
                <div class="method-content">
                  <a name="searchAndAddTocart(JKR, Harry Potter and the Order of the Phoenix)">
                  </a> <!-- searchAndAddTocart(JKR, Harry Potter and the Order of the Phoenix) -->
                  <span class="method-name">searchAndAddTocart</span>
                  <span class="parameters">(JKR, Harry Potter and the Order of the Phoenix)</span>
                </div> <!-- method-content -->
              </div> <!-- method -->
              <div class="method">
                <div class="method-content">
                  <a name="searchAndAddTocart(JKR, Harry Potter and the Goblet of Fire)">
                  </a> <!-- searchAndAddTocart(JKR, Harry Potter and the Goblet of Fire) -->
                  <span class="method-name">searchAndAddTocart</span>
                  <span class="parameters">(JKR, Harry Potter and the Goblet of Fire)</span>
                </div> <!-- method-content -->
              </div> <!-- method -->
              <div class="method">
                <div class="method-content">
                  <a name="searchAndAddTocart(JKR, Harry Potter and the Chamber of Secrets)">
                  </a> <!-- searchAndAddTocart(JKR, Harry Potter and the Chamber of Secrets) -->
                  <span class="method-name">searchAndAddTocart</span>
                  <span class="parameters">(JKR, Harry Potter and the Chamber of Secrets)</span>
                </div> <!-- method-content -->
              </div> <!-- method -->
              <div class="method">
                <div class="method-content">
                  <a name="searchAndAddTocart(JKR, Harry Potter and the Order of the Phoenix)">
                  </a> <!-- searchAndAddTocart(JKR, Harry Potter and the Order of the Phoenix) -->
                  <span class="method-name">searchAndAddTocart</span>
                  <span class="parameters">(JKR, Harry Potter and the Order of the Phoenix)</span>
                </div> <!-- method-content -->
              </div> <!-- method -->
              <div class="method">
                <div class="method-content">
                  <a name="searchAndAddTocart(JKR, Harry Potter and the Prisoner of Azkaban)">
                  </a> <!-- searchAndAddTocart(JKR, Harry Potter and the Prisoner of Azkaban) -->
                  <span class="method-name">searchAndAddTocart</span>
                  <span class="parameters">(JKR, Harry Potter and the Prisoner of Azkaban)</span>
                </div> <!-- method-content -->
              </div> <!-- method -->
              <div class="method">
                <div class="method-content">
                  <a name="searchAndAddTocart(JKR, Harry Potter and the Goblet of Fire)">
                  </a> <!-- searchAndAddTocart(JKR, Harry Potter and the Goblet of Fire) -->
                  <span class="method-name">searchAndAddTocart</span>
                  <span class="parameters">(JKR, Harry Potter and the Goblet of Fire)</span>
                </div> <!-- method-content -->
              </div> <!-- method -->
            </div> <!-- main-panel-content rounded-window-bottom -->
          </div> <!-- suite-Automation_Test_Suite-class-passed -->
        </div> <!-- panel Automation_Test_Suite -->
        <div panel-name="test-xml-Automation_Test_Suite" class="panel">
          <div class="main-panel-header rounded-window-top">
            <span class="header-content">C:\Users\SHREE\eclipse-workspace\BooksCarts\src\test\resources\runners\Local_CrossBrowser.xml</span>
          </div> <!-- main-panel-header rounded-window-top -->
          <div class="main-panel-content rounded-window-bottom">
            <pre>
&lt;?xml version=&quot;1.0&quot; encoding=&quot;UTF-8&quot;?&gt;
&lt;!DOCTYPE suite SYSTEM &quot;https://testng.org/testng-1.0.dtd&quot;&gt;
&lt;suite thread-count=&quot;10&quot; parallel=&quot;tests&quot; data-provider-thread-count=&quot;2&quot; name=&quot;Automation Test Suite&quot; guice-stage=&quot;DEVELOPMENT&quot;&gt;
  &lt;listeners&gt;
    &lt;listener class-name=&quot;org.selenium.listeners.AnnotationTransformer&quot;/&gt;
    &lt;listener class-name=&quot;org.selenium.listeners.ListenerClass&quot;/&gt;
    &lt;listener class-name=&quot;org.selenium.listeners.MethodInterceptor&quot;/&gt;
  &lt;/listeners&gt;
  &lt;test thread-count=&quot;2&quot; parallel=&quot;methods&quot; name=&quot;Regression Tests execution over Chrome    Browser&quot;&gt;
    &lt;parameter name=&quot;browser&quot; value=&quot;CHROME&quot;/&gt;
    &lt;packages&gt;
      &lt;package name=&quot;org.selenium.tests&quot;/&gt;
    &lt;/packages&gt;
    &lt;classes&gt;
      &lt;class name=&quot;org.selenium.tests.BookCartTests&quot;/&gt;
    &lt;/classes&gt;
  &lt;/test&gt; &lt;!-- Regression Tests execution over Chrome    Browser --&gt;
  &lt;test thread-count=&quot;2&quot; parallel=&quot;methods&quot; name=&quot;Regression Tests execution over Edge    Browser&quot;&gt;
    &lt;parameter name=&quot;browser&quot; value=&quot;EDGE&quot;/&gt;
    &lt;packages&gt;
      &lt;package name=&quot;org.selenium.tests&quot;/&gt;
    &lt;/packages&gt;
    &lt;classes&gt;
      &lt;class name=&quot;org.selenium.tests.BookCartTests&quot;/&gt;
    &lt;/classes&gt;
  &lt;/test&gt; &lt;!-- Regression Tests execution over Edge    Browser --&gt;
&lt;/suite&gt; &lt;!-- Automation Test Suite --&gt;
            </pre>
          </div> <!-- main-panel-content rounded-window-bottom -->
        </div> <!-- panel -->
        <div panel-name="testlist-Automation_Test_Suite" class="panel">
          <div class="main-panel-header rounded-window-top">
            <span class="header-content">Tests for Automation Test Suite</span>
          </div> <!-- main-panel-header rounded-window-top -->
          <div class="main-panel-content rounded-window-bottom">
            <ul>
              <li>
                <span class="test-name">Regression Tests execution over Chrome    Browser (1 class)</span>
              </li>
              <li>
                <span class="test-name">Regression Tests execution over Edge    Browser (1 class)</span>
              </li>
            </ul>
          </div> <!-- main-panel-content rounded-window-bottom -->
        </div> <!-- panel -->
        <div panel-name="group-Automation_Test_Suite" class="panel">
          <div class="main-panel-header rounded-window-top">
            <span class="header-content">Groups for Automation Test Suite</span>
          </div> <!-- main-panel-header rounded-window-top -->
          <div class="main-panel-content rounded-window-bottom">
          </div> <!-- main-panel-content rounded-window-bottom -->
        </div> <!-- panel -->
        <div panel-name="times-Automation_Test_Suite" class="panel">
          <div class="main-panel-header rounded-window-top">
            <span class="header-content">Times for Automation Test Suite</span>
          </div> <!-- main-panel-header rounded-window-top -->
          <div class="main-panel-content rounded-window-bottom">
            <div class="times-div">
              <script type="text/javascript">
suiteTableInitFunctions.push('tableData_Automation_Test_Suite');
function tableData_Automation_Test_Suite() {
var data = new google.visualization.DataTable();
data.addColumn('number', 'Number');
data.addColumn('string', 'Method');
data.addColumn('string', 'Class');
data.addColumn('number', 'Time (ms)');
data.addRows(12);
data.setCell(0, 0, 0)
data.setCell(0, 1, 'verifyProduct')
data.setCell(0, 2, 'org.selenium.tests.BookCartTests')
data.setCell(0, 3, 28750);
data.setCell(1, 0, 1)
data.setCell(1, 1, 'verifyProduct')
data.setCell(1, 2, 'org.selenium.tests.BookCartTests')
data.setCell(1, 3, 24979);
data.setCell(2, 0, 2)
data.setCell(2, 1, 'verifyProduct')
data.setCell(2, 2, 'org.selenium.tests.BookCartTests')
data.setCell(2, 3, 23034);
data.setCell(3, 0, 3)
data.setCell(3, 1, 'verifyProduct')
data.setCell(3, 2, 'org.selenium.tests.BookCartTests')
data.setCell(3, 3, 22796);
data.setCell(4, 0, 4)
data.setCell(4, 1, 'searchAndAddTocart')
data.setCell(4, 2, 'org.selenium.tests.BookCartTests')
data.setCell(4, 3, 21006);
data.setCell(5, 0, 5)
data.setCell(5, 1, 'searchAndAddTocart')
data.setCell(5, 2, 'org.selenium.tests.BookCartTests')
data.setCell(5, 3, 19626);
data.setCell(6, 0, 6)
data.setCell(6, 1, 'searchAndAddTocart')
data.setCell(6, 2, 'org.selenium.tests.BookCartTests')
data.setCell(6, 3, 18704);
data.setCell(7, 0, 7)
data.setCell(7, 1, 'searchAndAddTocart')
data.setCell(7, 2, 'org.selenium.tests.BookCartTests')
data.setCell(7, 3, 18011);
data.setCell(8, 0, 8)
data.setCell(8, 1, 'searchAndAddTocart')
data.setCell(8, 2, 'org.selenium.tests.BookCartTests')
data.setCell(8, 3, 16383);
data.setCell(9, 0, 9)
data.setCell(9, 1, 'searchAndAddTocart')
data.setCell(9, 2, 'org.selenium.tests.BookCartTests')
data.setCell(9, 3, 15139);
data.setCell(10, 0, 10)
data.setCell(10, 1, 'searchAndAddTocart')
data.setCell(10, 2, 'org.selenium.tests.BookCartTests')
data.setCell(10, 3, 14493);
data.setCell(11, 0, 11)
data.setCell(11, 1, 'searchAndAddTocart')
data.setCell(11, 2, 'org.selenium.tests.BookCartTests')
data.setCell(11, 3, 11667);
window.suiteTableData['Automation_Test_Suite']= { tableData: data, tableDiv: 'times-div-Automation_Test_Suite'}
return data;
}
              </script>
              <span class="suite-total-time">Total running time: 3 minutes</span>
              <div id="times-div-Automation_Test_Suite">
              </div> <!-- times-div-Automation_Test_Suite -->
            </div> <!-- times-div -->
          </div> <!-- main-panel-content rounded-window-bottom -->
        </div> <!-- panel -->
        <div panel-name="reporter-Automation_Test_Suite" class="panel">
          <div class="main-panel-header rounded-window-top">
            <span class="header-content">Reporter output for Automation Test Suite</span>
          </div> <!-- main-panel-header rounded-window-top -->
          <div class="main-panel-content rounded-window-bottom">
          </div> <!-- main-panel-content rounded-window-bottom -->
        </div> <!-- panel -->
        <div panel-name="ignored-methods-Automation_Test_Suite" class="panel">
          <div class="main-panel-header rounded-window-top">
            <span class="header-content">0 ignored methods</span>
          </div> <!-- main-panel-header rounded-window-top -->
          <div class="main-panel-content rounded-window-bottom">
          </div> <!-- main-panel-content rounded-window-bottom -->
        </div> <!-- panel -->
        <div panel-name="chronological-Automation_Test_Suite" class="panel">
          <div class="main-panel-header rounded-window-top">
            <span class="header-content">Methods in chronological order</span>
          </div> <!-- main-panel-header rounded-window-top -->
          <div class="main-panel-content rounded-window-bottom">
            <div class="chronological-class">
              <div class="chronological-class-name">org.selenium.tests.BookCartTests</div> <!-- chronological-class-name -->
              <div class="configuration-method before">
                <span class="method-name">startDriver(EDGE)</span>
                <span class="method-start">0 ms</span>
              </div> <!-- configuration-method before -->
              <div class="configuration-method before">
                <span class="method-name">startDriver(CHROME)</span>
                <span class="method-start">0 ms</span>
              </div> <!-- configuration-method before -->
              <div class="test-method">
                <span class="method-name">searchAndAddTocart(JKR, Harry Potter and the Chamber of Secrets)</span>
                <span class="method-start">28201 ms</span>
              </div> <!-- test-method -->
              <div class="test-method">
                <span class="method-name">searchAndAddTocart(JKR, Harry Potter and the Chamber of Secrets)</span>
                <span class="method-start">28304 ms</span>
              </div> <!-- test-method -->
              <div class="configuration-method after">
                <span class="method-name">quitDriver(EDGE, [TestResult name=searchAndAddTocart status=SUCCESS method=BookCartTests.searchAndAddTocart(jav...)</span>
                <span class="method-start">46959 ms</span>
              </div> <!-- configuration-method after -->
              <div class="configuration-method after">
                <span class="method-name">quitDriver(CHROME, [TestResult name=searchAndAddTocart status=SUCCESS method=BookCartTests.searchAndAddTocart(j...)</span>
                <span class="method-start">47961 ms</span>
              </div> <!-- configuration-method after -->
              <div class="configuration-method before">
                <span class="method-name">startDriver(EDGE)</span>
                <span class="method-start">49096 ms</span>
              </div> <!-- configuration-method before -->
              <div class="configuration-method before">
                <span class="method-name">startDriver(CHROME)</span>
                <span class="method-start">49247 ms</span>
              </div> <!-- configuration-method before -->
              <div class="test-method">
                <span class="method-name">searchAndAddTocart(JKR, Harry Potter and the Prisoner of Azkaban)</span>
                <span class="method-start">54244 ms</span>
              </div> <!-- test-method -->
              <div class="test-method">
                <span class="method-name">searchAndAddTocart(JKR, Harry Potter and the Prisoner of Azkaban)</span>
                <span class="method-start">56543 ms</span>
              </div> <!-- test-method -->
              <div class="configuration-method after">
                <span class="method-name">quitDriver(CHROME, [TestResult name=searchAndAddTocart status=SUCCESS method=BookCartTests.searchAndAddTocart(j...)</span>
                <span class="method-start">72432 ms</span>
              </div> <!-- configuration-method after -->
              <div class="configuration-method before">
                <span class="method-name">startDriver(CHROME)</span>
                <span class="method-start">73962 ms</span>
              </div> <!-- configuration-method before -->
              <div class="configuration-method after">
                <span class="method-name">quitDriver(EDGE, [TestResult name=searchAndAddTocart status=SUCCESS method=BookCartTests.searchAndAddTocart(jav...)</span>
                <span class="method-start">75279 ms</span>
              </div> <!-- configuration-method after -->
              <div class="test-method">
                <span class="method-name">searchAndAddTocart(JKR, Harry Potter and the Goblet of Fire)</span>
                <span class="method-start">78336 ms</span>
              </div> <!-- test-method -->
              <div class="configuration-method before">
                <span class="method-name">startDriver(EDGE)</span>
                <span class="method-start">78710 ms</span>
              </div> <!-- configuration-method before -->
              <div class="test-method">
                <span class="method-name">searchAndAddTocart(JKR, Harry Potter and the Goblet of Fire)</span>
                <span class="method-start">84847 ms</span>
              </div> <!-- test-method -->
              <div class="configuration-method after">
                <span class="method-name">quitDriver(CHROME, [TestResult name=searchAndAddTocart status=SUCCESS method=BookCartTests.searchAndAddTocart(j...)</span>
                <span class="method-start">96357 ms</span>
              </div> <!-- configuration-method after -->
              <div class="configuration-method before">
                <span class="method-name">startDriver(CHROME)</span>
                <span class="method-start">98893 ms</span>
              </div> <!-- configuration-method before -->
              <div class="configuration-method after">
                <span class="method-name">quitDriver(EDGE, [TestResult name=searchAndAddTocart status=SUCCESS method=BookCartTests.searchAndAddTocart(jav...)</span>
                <span class="method-start">99461 ms</span>
              </div> <!-- configuration-method after -->
              <div class="test-method">
                <span class="method-name">searchAndAddTocart(JKR, Harry Potter and the Order of the Phoenix)</span>
                <span class="method-start">102010 ms</span>
              </div> <!-- test-method -->
              <div class="configuration-method before">
                <span class="method-name">startDriver(EDGE)</span>
                <span class="method-start">102307 ms</span>
              </div> <!-- configuration-method before -->
              <div class="test-method">
                <span class="method-name">searchAndAddTocart(JKR, Harry Potter and the Order of the Phoenix)</span>
                <span class="method-start">107884 ms</span>
              </div> <!-- test-method -->
              <div class="configuration-method after">
                <span class="method-name">quitDriver(CHROME, [TestResult name=searchAndAddTocart status=SUCCESS method=BookCartTests.searchAndAddTocart(j...)</span>
                <span class="method-start">118411 ms</span>
              </div> <!-- configuration-method after -->
              <div class="configuration-method after">
                <span class="method-name">quitDriver(EDGE, [TestResult name=searchAndAddTocart status=SUCCESS method=BookCartTests.searchAndAddTocart(jav...)</span>
                <span class="method-start">119555 ms</span>
              </div> <!-- configuration-method after -->
              <div class="configuration-method before">
                <span class="method-name">startDriver(CHROME)</span>
                <span class="method-start">119943 ms</span>
              </div> <!-- configuration-method before -->
              <div class="configuration-method before">
                <span class="method-name">startDriver(EDGE)</span>
                <span class="method-start">122321 ms</span>
              </div> <!-- configuration-method before -->
              <div class="test-method">
                <span class="method-name">verifyProduct</span>
                <span class="method-start">125513 ms</span>
              </div> <!-- test-method -->
              <div class="test-method">
                <span class="method-name">verifyProduct</span>
                <span class="method-start">129447 ms</span>
              </div> <!-- test-method -->
              <div class="configuration-method after">
                <span class="method-name">quitDriver(CHROME, [TestResult name=verifyProduct status=SKIP method=BookCartTests.verifyProduct()[pri:0, insta...)</span>
                <span class="method-start">148648 ms</span>
              </div> <!-- configuration-method after -->
              <div class="configuration-method before">
                <span class="method-name">startDriver(CHROME)</span>
                <span class="method-start">149489 ms</span>
              </div> <!-- configuration-method before -->
              <div class="test-method">
                <img src="failed.png">
                </img>
                <span class="method-name">verifyProduct</span>
                <span class="method-start">152412 ms</span>
              </div> <!-- test-method -->
              <div class="configuration-method after">
                <span class="method-name">quitDriver(EDGE, [TestResult name=verifyProduct status=SKIP method=BookCartTests.verifyProduct()[pri:0, instanc...)</span>
                <span class="method-start">155079 ms</span>
              </div> <!-- configuration-method after -->
              <div class="configuration-method before">
                <span class="method-name">startDriver(EDGE)</span>
                <span class="method-start">158018 ms</span>
              </div> <!-- configuration-method before -->
              <div class="test-method">
                <img src="failed.png">
                </img>
                <span class="method-name">verifyProduct</span>
                <span class="method-start">162582 ms</span>
              </div> <!-- test-method -->
              <div class="configuration-method after">
                <span class="method-name">quitDriver(CHROME, [TestResult name=verifyProduct status=FAILURE method=BookCartTests.verifyProduct()[pri:0, in...)</span>
                <span class="method-start">176458 ms</span>
              </div> <!-- configuration-method after -->
              <div class="configuration-method after">
                <span class="method-name">quitDriver(EDGE, [TestResult name=verifyProduct status=FAILURE method=BookCartTests.verifyProduct()[pri:0, inst...)</span>
                <span class="method-start">191661 ms</span>
              </div> <!-- configuration-method after -->
          </div> <!-- main-panel-content rounded-window-bottom -->
        </div> <!-- panel -->
      </div> <!-- main-panel-root -->
    </div> <!-- wrapper -->
  </body>
<script type="text/javascript" src="testng-reports2.js"></script>
</html>
